{
  "stats": {
    "suites": 3,
    "tests": 6,
    "passes": 6,
    "pending": 0,
    "failures": 0,
    "start": "2021-11-15T04:32:48.555Z",
    "end": "2021-11-15T04:32:57.290Z",
    "duration": 8735,
    "testsRegistered": 6,
    "passPercent": 100,
    "pendingPercent": 0,
    "other": 0,
    "hasOther": false,
    "skipped": 0,
    "hasSkipped": false
  },
  "results": [
    {
      "uuid": "52554b09-dac3-47cf-a367-1b98fe2db4b0",
      "title": "",
      "fullFile": "",
      "file": "",
      "beforeHooks": [],
      "afterHooks": [],
      "tests": [],
      "suites": [
        {
          "uuid": "afba0ab7-d5f2-4b03-873b-f5c2f5934e5e",
          "title": "Cart functions",
          "fullFile": "C:\\Users\\glori\\Documents\\cursos\\automation_testing\\SWAGLABS\\tests\\cart.spec.js",
          "file": "\\tests\\cart.spec.js",
          "beforeHooks": [
            {
              "title": "\"before each\" hook in \"Cart functions\"",
              "fullTitle": "Cart functions \"before each\" hook in \"Cart functions\"",
              "timedOut": null,
              "duration": 1466,
              "state": null,
              "speed": null,
              "pass": false,
              "fail": false,
              "pending": null,
              "context": null,
              "code": "let service = new edge.ServiceBuilder(\"C:\\\\Users\\\\glori\\\\Documents\\\\cursos\\\\automation_testing\\\\SWAGLABS\\\\driver\\\\edgedriver_win64\\\\msedgedriver.exe\");\ndriver = await new Builder().setEdgeService(service).forBrowser('MicrosoftEdge').build();\nhomePage = new inventoryPage(driver);\nlogin = new loginPage(driver);\ncart = new cartPage(driver);\nawait login.load();\nawait login.authenticate(\"standard_user\", \"secret_sauce\");",
              "err": {},
              "uuid": "3a2820b5-c24e-402d-bd0f-7f1de9e6db27",
              "parentUUID": null,
              "isHook": true,
              "skipped": false
            }
          ],
          "afterHooks": [
            {
              "title": "\"after each\" hook in \"Cart functions\"",
              "fullTitle": "Cart functions \"after each\" hook in \"Cart functions\"",
              "timedOut": null,
              "duration": 91,
              "state": null,
              "speed": null,
              "pass": false,
              "fail": false,
              "pending": null,
              "context": null,
              "code": "await driver.quit();",
              "err": {},
              "uuid": "8c8b24a8-18d8-473e-b620-ef46463c26aa",
              "parentUUID": null,
              "isHook": true,
              "skipped": false
            }
          ],
          "tests": [
            {
              "title": "adding multiple items to the cart page and verifiying that have been correctly adding",
              "fullTitle": "Cart functions adding multiple items to the cart page and verifiying that have been correctly adding",
              "timedOut": null,
              "duration": 179,
              "state": "passed",
              "speed": "slow",
              "pass": true,
              "fail": false,
              "pending": false,
              "context": null,
              "code": "let correctlyAdded = true;\nlet itemsAdded = await homePage.addItemsToTheCard();\nawait homePage.clickShoppingCart();\nlet itemsCart = await cart.getItemsCard();\nitemsAdded.forEach((elem) => {\n  if (itemsCart.indexOf(elem.id) != -1) {\n    correctlyAdded = false;\n  }\n});\nassert(correctlyAdded, \"items have not correctly added\");",
              "err": {},
              "uuid": "47975f43-dd35-4999-a613-f32fe3fdccdb",
              "parentUUID": null,
              "isHook": false,
              "skipped": false
            }
          ],
          "suites": [],
          "passes": [
            "47975f43-dd35-4999-a613-f32fe3fdccdb"
          ],
          "failures": [],
          "pending": [],
          "skipped": [],
          "duration": 179,
          "root": false,
          "rootEmpty": false,
          "_timeout": null
        },
        {
          "uuid": "2142e67a-704f-4887-8be6-5e8ae81dbf75",
          "title": "login function",
          "fullFile": "C:\\Users\\glori\\Documents\\cursos\\automation_testing\\SWAGLABS\\tests\\login.spec.js",
          "file": "\\tests\\login.spec.js",
          "beforeHooks": [
            {
              "title": "\"before each\" hook in \"login function\"",
              "fullTitle": "login function \"before each\" hook in \"login function\"",
              "timedOut": null,
              "duration": 3205,
              "state": null,
              "speed": null,
              "pass": false,
              "fail": false,
              "pending": null,
              "context": null,
              "code": "let service = new edge.ServiceBuilder(\"C:\\\\Users\\\\glori\\\\Documents\\\\cursos\\\\automation_testing\\\\SWAGLABS\\\\driver\\\\edgedriver_win64\\\\msedgedriver.exe\");\ndriver = await new Builder().setEdgeService(service).forBrowser('MicrosoftEdge').build();\nlogin = new LoginPage(driver);\nawait login.load();",
              "err": {},
              "uuid": "b1be23f8-fad2-492b-a8d4-dbbc86ddb404",
              "parentUUID": null,
              "isHook": true,
              "skipped": false
            }
          ],
          "afterHooks": [
            {
              "title": "\"after each\" hook in \"login function\"",
              "fullTitle": "login function \"after each\" hook in \"login function\"",
              "timedOut": null,
              "duration": 30,
              "state": null,
              "speed": null,
              "pass": false,
              "fail": false,
              "pending": null,
              "context": null,
              "code": "await driver.quit();",
              "err": {},
              "uuid": "182d2361-6df6-423b-8373-7c9354ca871e",
              "parentUUID": null,
              "isHook": true,
              "skipped": false
            }
          ],
          "tests": [
            {
              "title": "with valid credentials",
              "fullTitle": "login function with valid credentials",
              "timedOut": null,
              "duration": 324,
              "state": "passed",
              "speed": "slow",
              "pass": true,
              "fail": false,
              "pending": false,
              "context": null,
              "code": "await login.authenticate(\"standard_user\", \"secret_sauce\");\nconst resultUrl = await login.successRouting();\nresultUrl.should.equal(\"https://www.saucedemo.com/inventory.html\");",
              "err": {},
              "uuid": "22baf4a3-7317-49aa-a233-a45a64e02c01",
              "parentUUID": null,
              "isHook": false,
              "skipped": false
            },
            {
              "title": "with invalid credentials",
              "fullTitle": "login function with invalid credentials",
              "timedOut": null,
              "duration": 211,
              "state": "passed",
              "speed": "slow",
              "pass": true,
              "fail": false,
              "pending": false,
              "context": null,
              "code": "await login.authenticate(\"stan_user\", \"secret_sauce\");\nassert(await login.failedLogin(), \"Error not displayed\");",
              "err": {},
              "uuid": "8abd79e8-8256-4122-92d8-68db236987ba",
              "parentUUID": null,
              "isHook": false,
              "skipped": false
            }
          ],
          "suites": [],
          "passes": [
            "22baf4a3-7317-49aa-a233-a45a64e02c01",
            "8abd79e8-8256-4122-92d8-68db236987ba"
          ],
          "failures": [],
          "pending": [],
          "skipped": [],
          "duration": 535,
          "root": false,
          "rootEmpty": false,
          "_timeout": null
        },
        {
          "uuid": "fa9ef63b-c284-4674-883c-9593a419969a",
          "title": "inventory logout function",
          "fullFile": "C:\\Users\\glori\\Documents\\cursos\\automation_testing\\SWAGLABS\\tests\\inventory.spec.js",
          "file": "\\tests\\inventory.spec.js",
          "beforeHooks": [
            {
              "title": "\"before each\" hook in \"inventory logout function\"",
              "fullTitle": "inventory logout function \"before each\" hook in \"inventory logout function\"",
              "timedOut": null,
              "duration": 1851,
              "state": null,
              "speed": null,
              "pass": false,
              "fail": false,
              "pending": null,
              "context": null,
              "code": "let service = new edge.ServiceBuilder(\"C:\\\\Users\\\\glori\\\\Documents\\\\cursos\\\\automation_testing\\\\SWAGLABS\\\\driver\\\\edgedriver_win64\\\\msedgedriver.exe\");\ndriver = await new Builder().setEdgeService(service).forBrowser('MicrosoftEdge').build();\nhomePage = new inventoryPage(driver);\nlogin = new loginPage(driver);\nawait login.load();\nawait login.authenticate(\"standard_user\", \"secret_sauce\");",
              "err": {},
              "uuid": "4cdd6157-7fcc-4019-b258-5958404fdcbf",
              "parentUUID": null,
              "isHook": true,
              "skipped": false
            }
          ],
          "afterHooks": [
            {
              "title": "\"after each\" hook in \"inventory logout function\"",
              "fullTitle": "inventory logout function \"after each\" hook in \"inventory logout function\"",
              "timedOut": null,
              "duration": 73,
              "state": null,
              "speed": null,
              "pass": false,
              "fail": false,
              "pending": null,
              "context": null,
              "code": "await driver.quit();",
              "err": {},
              "uuid": "44cb8534-475f-4413-9888-d6b321b2e3d5",
              "parentUUID": null,
              "isHook": true,
              "skipped": false
            }
          ],
          "tests": [
            {
              "title": "cheking if logout function is routing to homepage",
              "fullTitle": "inventory logout function cheking if logout function is routing to homepage",
              "timedOut": null,
              "duration": 157,
              "state": "passed",
              "speed": "slow",
              "pass": true,
              "fail": false,
              "pending": false,
              "context": null,
              "code": "const urlAfterLogout = await homePage.logout();\nurlAfterLogout.should.equal(\"https://www.saucedemo.com/\");",
              "err": {},
              "uuid": "28eb7930-3fc2-481d-a9d0-a6032cfb32eb",
              "parentUUID": null,
              "isHook": false,
              "skipped": false
            },
            {
              "title": "low to high function",
              "fullTitle": "inventory logout function low to high function",
              "timedOut": null,
              "duration": 217,
              "state": "passed",
              "speed": "slow",
              "pass": true,
              "fail": false,
              "pending": false,
              "context": null,
              "code": "let prices = await homePage.lowToHigh();\nconst Sortprices = prices.sort(function (a, b) {\n  return a - b;\n});\nprices.should.equal(Sortprices);",
              "err": {},
              "uuid": "f1a67319-157f-466a-a806-a361b26d8823",
              "parentUUID": null,
              "isHook": false,
              "skipped": false
            },
            {
              "title": "Adding Sauce Labs Onesie to the shopping cart",
              "fullTitle": "inventory logout function Adding Sauce Labs Onesie to the shopping cart",
              "timedOut": null,
              "duration": 0,
              "state": "passed",
              "speed": "fast",
              "pass": true,
              "fail": false,
              "pending": false,
              "context": null,
              "code": "",
              "err": {},
              "uuid": "cc27c3d4-ff76-4c91-9c57-68378482b945",
              "parentUUID": null,
              "isHook": false,
              "skipped": false
            }
          ],
          "suites": [],
          "passes": [
            "28eb7930-3fc2-481d-a9d0-a6032cfb32eb",
            "f1a67319-157f-466a-a806-a361b26d8823",
            "cc27c3d4-ff76-4c91-9c57-68378482b945"
          ],
          "failures": [],
          "pending": [],
          "skipped": [],
          "duration": 374,
          "root": false,
          "rootEmpty": false,
          "_timeout": null
        }
      ],
      "passes": [],
      "failures": [],
      "pending": [],
      "skipped": [],
      "duration": 0,
      "root": true,
      "rootEmpty": true,
      "_timeout": 0
    }
  ],
  "meta": {
    "mocha": {
      "version": "9.1.3"
    },
    "mochawesome": {
      "options": {
        "quiet": false,
        "reportFilename": "mochawesome",
        "saveHtml": true,
        "saveJson": true,
        "consoleReporter": "spec",
        "useInlineDiffs": false,
        "code": true
      },
      "version": "7.0.1"
    },
    "marge": {
      "options": null,
      "version": "6.0.1"
    }
  }
}