{
  "stats": {
    "suites": 3,
    "tests": 5,
    "passes": 5,
    "pending": 0,
    "failures": 0,
    "start": "2021-11-11T20:58:00.645Z",
    "end": "2021-11-11T20:58:18.311Z",
    "duration": 17666,
    "testsRegistered": 5,
    "passPercent": 100,
    "pendingPercent": 0,
    "other": 0,
    "hasOther": false,
    "skipped": 0,
    "hasSkipped": false
  },
  "results": [
    {
      "uuid": "ebdaf757-ef96-475f-8047-f63a22775957",
      "title": "",
      "fullFile": "",
      "file": "",
      "beforeHooks": [],
      "afterHooks": [],
      "tests": [],
      "suites": [
        {
          "uuid": "2c9cb269-743e-420a-872a-c41ff9ea36d4",
          "title": "Cart functions",
          "fullFile": "D:\\Docs\\UNIVERSIDAD\\Cursos\\automation testing\\prueba\\tests\\cart.spec.js",
          "file": "\\tests\\cart.spec.js",
          "beforeHooks": [
            {
              "title": "\"before each\" hook in \"Cart functions\"",
              "fullTitle": "Cart functions \"before each\" hook in \"Cart functions\"",
              "timedOut": null,
              "duration": 6898,
              "state": null,
              "speed": null,
              "pass": false,
              "fail": false,
              "pending": null,
              "context": null,
              "code": "driver = await new Builder().forBrowser(\"chrome\").build();\nhomePage = new inventoryPage(driver);\nlogin = new loginPage(driver);\ncart = new cartPage(driver);\nawait login.load();\nawait login.authenticate(\"standard_user\", \"secret_sauce\");",
              "err": {},
              "uuid": "0f08674b-802c-40d6-bef2-3b4a0430bd9f",
              "parentUUID": null,
              "isHook": true,
              "skipped": false
            }
          ],
          "afterHooks": [
            {
              "title": "\"after each\" hook in \"Cart functions\"",
              "fullTitle": "Cart functions \"after each\" hook in \"Cart functions\"",
              "timedOut": null,
              "duration": 2516,
              "state": null,
              "speed": null,
              "pass": false,
              "fail": false,
              "pending": null,
              "context": null,
              "code": "await driver.quit();",
              "err": {},
              "uuid": "da5429c2-91ac-4287-9467-cdf583b3d6c5",
              "parentUUID": null,
              "isHook": true,
              "skipped": false
            }
          ],
          "tests": [
            {
              "title": "adding multiple items to the cart page and verifiying that have been correctly adding",
              "fullTitle": "Cart functions adding multiple items to the cart page and verifiying that have been correctly adding",
              "timedOut": null,
              "duration": 1756,
              "state": "passed",
              "speed": "slow",
              "pass": true,
              "fail": false,
              "pending": false,
              "context": null,
              "code": "let correctlyAdded = true;\nlet itemsAdded = await homePage.addItemsToTheCard();\nawait homePage.clickShoppingCart();\nlet itemsCart = await cart.getItemsCard();\nitemsAdded.forEach((elem) => {\n  if (itemsCart.indexOf(elem.id) != -1) {\n    correctlyAdded = false;\n  }\n});\nassert(correctlyAdded, \"items have not correctly added\");",
              "err": {},
              "uuid": "9d03e73c-3fba-4ab8-9239-64652401feb1",
              "parentUUID": null,
              "isHook": false,
              "skipped": false
            }
          ],
          "suites": [],
          "passes": [
            "9d03e73c-3fba-4ab8-9239-64652401feb1"
          ],
          "failures": [],
          "pending": [],
          "skipped": [],
          "duration": 1756,
          "root": false,
          "rootEmpty": false,
          "_timeout": null
        },
        {
          "uuid": "5dc55d13-db72-4364-a114-e086d87e82c6",
          "title": "inventory logout function",
          "fullFile": "D:\\Docs\\UNIVERSIDAD\\Cursos\\automation testing\\prueba\\tests\\inventory.spec.js",
          "file": "\\tests\\inventory.spec.js",
          "beforeHooks": [
            {
              "title": "\"before each\" hook in \"inventory logout function\"",
              "fullTitle": "inventory logout function \"before each\" hook in \"inventory logout function\"",
              "timedOut": null,
              "duration": 4332,
              "state": null,
              "speed": null,
              "pass": false,
              "fail": false,
              "pending": null,
              "context": null,
              "code": "driver = await new Builder().forBrowser(\"chrome\").build();\nhomePage = new inventoryPage(driver);\nlogin = new loginPage(driver);\nawait login.load();\nawait login.authenticate(\"standard_user\", \"secret_sauce\");",
              "err": {},
              "uuid": "68cbd5bf-248a-48cc-baaa-b402e77675df",
              "parentUUID": null,
              "isHook": true,
              "skipped": false
            }
          ],
          "afterHooks": [
            {
              "title": "\"after each\" hook in \"inventory logout function\"",
              "fullTitle": "inventory logout function \"after each\" hook in \"inventory logout function\"",
              "timedOut": null,
              "duration": 383,
              "state": null,
              "speed": null,
              "pass": false,
              "fail": false,
              "pending": null,
              "context": null,
              "code": "await driver.quit();",
              "err": {},
              "uuid": "e5ad98ca-7e17-46b0-ac16-33abbf74880e",
              "parentUUID": null,
              "isHook": true,
              "skipped": false
            }
          ],
          "tests": [
            {
              "title": "cheking if logout function is routing to homepage",
              "fullTitle": "inventory logout function cheking if logout function is routing to homepage",
              "timedOut": null,
              "duration": 834,
              "state": "passed",
              "speed": "slow",
              "pass": true,
              "fail": false,
              "pending": false,
              "context": null,
              "code": "const urlAfterLogout = await homePage.logout();\nurlAfterLogout.should.equal(\"https://www.saucedemo.com/\");",
              "err": {},
              "uuid": "c19e6ec6-1092-4fff-a01d-47df754f02f1",
              "parentUUID": null,
              "isHook": false,
              "skipped": false
            },
            {
              "title": "low to high function",
              "fullTitle": "inventory logout function low to high function",
              "timedOut": null,
              "duration": 542,
              "state": "passed",
              "speed": "slow",
              "pass": true,
              "fail": false,
              "pending": false,
              "context": null,
              "code": "let prices = await homePage.lowToHigh();\nconst Sortprices = prices.sort(function (a, b) {\n  return a - b;\n});\nprices.should.equal(Sortprices);",
              "err": {},
              "uuid": "70a70084-4272-4c35-a0cf-9f54ef811e69",
              "parentUUID": null,
              "isHook": false,
              "skipped": false
            }
          ],
          "suites": [],
          "passes": [
            "c19e6ec6-1092-4fff-a01d-47df754f02f1",
            "70a70084-4272-4c35-a0cf-9f54ef811e69"
          ],
          "failures": [],
          "pending": [],
          "skipped": [],
          "duration": 1376,
          "root": false,
          "rootEmpty": false,
          "_timeout": null
        },
        {
          "uuid": "b9654a1a-7639-4206-958c-4de830b7f6f1",
          "title": "login function",
          "fullFile": "D:\\Docs\\UNIVERSIDAD\\Cursos\\automation testing\\prueba\\tests\\login.spec.js",
          "file": "\\tests\\login.spec.js",
          "beforeHooks": [
            {
              "title": "\"before each\" hook in \"login function\"",
              "fullTitle": "login function \"before each\" hook in \"login function\"",
              "timedOut": null,
              "duration": 3131,
              "state": null,
              "speed": null,
              "pass": false,
              "fail": false,
              "pending": null,
              "context": null,
              "code": "driver = await new Builder().forBrowser(\"chrome\").build();\nlogin = new LoginPage(driver);\nawait login.load();",
              "err": {},
              "uuid": "a4908068-86c0-4e3f-be0d-714613037190",
              "parentUUID": null,
              "isHook": true,
              "skipped": false
            }
          ],
          "afterHooks": [
            {
              "title": "\"after each\" hook in \"login function\"",
              "fullTitle": "login function \"after each\" hook in \"login function\"",
              "timedOut": null,
              "duration": 1220,
              "state": null,
              "speed": null,
              "pass": false,
              "fail": false,
              "pending": null,
              "context": null,
              "code": "await driver.quit();",
              "err": {},
              "uuid": "86ec00dd-e3bd-4922-a7c7-3ce428c91019",
              "parentUUID": null,
              "isHook": true,
              "skipped": false
            }
          ],
          "tests": [
            {
              "title": "with valid credentials",
              "fullTitle": "login function with valid credentials",
              "timedOut": null,
              "duration": 2183,
              "state": "passed",
              "speed": "slow",
              "pass": true,
              "fail": false,
              "pending": false,
              "context": null,
              "code": "await login.authenticate(\"standard_user\", \"secret_sauce\");\nconst resultUrl = await login.successRouting();\nresultUrl.should.equal(\"https://www.saucedemo.com/inventory.html\");",
              "err": {},
              "uuid": "e7c78630-c873-475a-baa5-f988ef3927a5",
              "parentUUID": null,
              "isHook": false,
              "skipped": false
            },
            {
              "title": "with invalid credentials",
              "fullTitle": "login function with invalid credentials",
              "timedOut": null,
              "duration": 949,
              "state": "passed",
              "speed": "slow",
              "pass": true,
              "fail": false,
              "pending": false,
              "context": null,
              "code": "await login.authenticate(\"stan_user\", \"secret_sauce\");\nassert(await login.failedLogin(), \"Error not displayed\");",
              "err": {},
              "uuid": "d74b31d5-9d09-47c0-ada5-cd8991bc111b",
              "parentUUID": null,
              "isHook": false,
              "skipped": false
            }
          ],
          "suites": [],
          "passes": [
            "e7c78630-c873-475a-baa5-f988ef3927a5",
            "d74b31d5-9d09-47c0-ada5-cd8991bc111b"
          ],
          "failures": [],
          "pending": [],
          "skipped": [],
          "duration": 3132,
          "root": false,
          "rootEmpty": false,
          "_timeout": null
        }
      ],
      "passes": [],
      "failures": [],
      "pending": [],
      "skipped": [],
      "duration": 0,
      "root": true,
      "rootEmpty": true,
      "_timeout": 0
    }
  ],
  "meta": {
    "mocha": {
      "version": "9.1.3"
    },
    "mochawesome": {
      "options": {
        "quiet": false,
        "reportFilename": "mochawesome",
        "saveHtml": true,
        "saveJson": true,
        "consoleReporter": "spec",
        "useInlineDiffs": false,
        "code": true
      },
      "version": "7.0.1"
    },
    "marge": {
      "options": null,
      "version": "6.0.1"
    }
  }
}